{
  "stats": {
    "suites": 1,
    "tests": 2,
    "passes": 2,
    "pending": 0,
    "failures": 0,
    "start": "2021-06-09T07:38:52.471Z",
    "end": "2021-06-09T07:41:01.535Z",
    "duration": 129064,
    "testsRegistered": 2,
    "passPercent": 100,
    "pendingPercent": 0,
    "other": 0,
    "hasOther": false,
    "skipped": 0,
    "hasSkipped": false
  },
  "results": [
    {
      "uuid": "f7c75ec7-a490-4fc6-88ac-715a65f9440a",
      "title": "",
      "fullFile": "",
      "file": "",
      "beforeHooks": [],
      "afterHooks": [],
      "tests": [],
      "suites": [
        {
          "uuid": "7abf90d8-8d82-4b4e-a6e2-7ad8dd3da449",
          "title": "Show Lyrics",
          "fullFile": "C:\\Users\\robinsitohang\\Desktop\\starterpack-automation-api-js\\api\\test\\show-lyrics-test.js",
          "file": "\\api\\test\\show-lyrics-test.js",
          "beforeHooks": [],
          "afterHooks": [],
          "tests": [
            {
              "title": "@get Sebagai user, saya ingin mendapatkan lirik ketika saya menginput nama artis dan lagunya",
              "fullTitle": "Show Lyrics @get Sebagai user, saya ingin mendapatkan lirik ketika saya menginput nama artis dan lagunya",
              "timedOut": false,
              "duration": 2573,
              "state": "passed",
              "speed": "slow",
              "pass": true,
              "fail": false,
              "pending": false,
              "context": null,
              "code": "const response = await page.getLyrics(artist, song);\nassert(response.status).to.equal(200);\n//console.log(response);",
              "err": {},
              "uuid": "58a9526f-6993-4ef6-9d5d-57e92c2255ac",
              "parentUUID": "7abf90d8-8d82-4b4e-a6e2-7ad8dd3da449",
              "isHook": false,
              "skipped": false
            },
            {
              "title": "@get Sebagai user, saya tidak akan mendapatkan lirik ketika menginput nama teman saya dan lagu yang dia cover",
              "fullTitle": "Show Lyrics @get Sebagai user, saya tidak akan mendapatkan lirik ketika menginput nama teman saya dan lagu yang dia cover",
              "timedOut": false,
              "duration": 126474,
              "state": "passed",
              "speed": "slow",
              "pass": true,
              "fail": false,
              "pending": false,
              "context": null,
              "code": "const response = await page.getLyrics(temanSaya, song);\nassert(response.status).to.equal(502);\n//assert(response.body.error).to.equal('No lyrics found');\n//console.log(response);",
              "err": {},
              "uuid": "cbe98edf-aa64-4278-a065-b0f03e9b5df4",
              "parentUUID": "7abf90d8-8d82-4b4e-a6e2-7ad8dd3da449",
              "isHook": false,
              "skipped": false
            }
          ],
          "suites": [],
          "passes": [
            "58a9526f-6993-4ef6-9d5d-57e92c2255ac",
            "cbe98edf-aa64-4278-a065-b0f03e9b5df4"
          ],
          "failures": [],
          "pending": [],
          "skipped": [],
          "duration": 129047,
          "root": false,
          "rootEmpty": false,
          "_timeout": 180000
        }
      ],
      "passes": [],
      "failures": [],
      "pending": [],
      "skipped": [],
      "duration": 0,
      "root": true,
      "rootEmpty": true,
      "_timeout": 180000
    }
  ],
  "meta": {
    "mocha": {
      "version": "8.4.0"
    },
    "mochawesome": {
      "options": {
        "quiet": false,
        "reportFilename": "mochawesome",
        "saveHtml": true,
        "saveJson": true,
        "consoleReporter": "spec",
        "useInlineDiffs": false,
        "code": true
      },
      "version": "6.2.2"
    },
    "marge": {
      "options": {
        "reportDir": "reports/mochawesome/"
      },
      "version": "5.2.0"
    }
  }
}